<?xml version="1.0" encoding="UTF-8"?>
<!-- Generated by org.testng.reporters.JUnitReportReporter -->
<testsuite skipped="0" hostname="tanishchetan-PC" name="com.Test6" tests="1" failures="0" timestamp="04 Mar 2018 10:26:33 GMT" time="16.961" errors="0">
  <testcase name="facebookLogin" time="16.961" classname="com.Test6"/>
</testsuite> <!-- com.Test6 -->
