<?xml version="1.0" encoding="UTF-8"?>
<!-- Generated by org.testng.reporters.JUnitReportReporter -->
<testsuite skipped="0" hostname="tanishchetan-PC" name="com.Test4" tests="1" failures="0" timestamp="02 Mar 2018 14:34:45 GMT" time="12.181" errors="0">
  <testcase name="facebookLogin" time="12.181" classname="com.Test4"/>
</testsuite> <!-- com.Test4 -->
