<?xml version="1.0" encoding="UTF-8"?>
<!-- Generated by org.testng.reporters.JUnitReportReporter -->
<testsuite skipped="0" hostname="tanishchetan-PC" name="com.Test4" tests="1" failures="0" timestamp="03 Mar 2018 13:49:44 GMT" time="16.953" errors="0">
  <testcase name="facebookLogin" time="16.953" classname="com.Test4"/>
</testsuite> <!-- com.Test4 -->
